{
  "RSpec": {
    "coverage": {
      "/Users/ben/RubyRails/checkpoints/flyght/spec/controllers/bookings_controller_spec.rb": [
        1,
        null,
        1,
        null
      ],
      "/Users/ben/RubyRails/checkpoints/flyght/spec/rails_helper.rb": [
        null,
        1,
        1,
        null,
        1,
        1,
        1,
        1,
        1,
        null,
        null,
        null,
        null,
        null,
        null,
        null,
        null,
        null,
        null,
        null,
        null,
        null,
        null,
        null,
        null,
        null,
        null,
        null,
        1,
        null,
        1,
        null,
        1,
        null,
        null,
        null,
        null,
        1,
        1,
        null,
        1,
        1,
        1,
        1,
        null,
        null,
        null,
        null,
        null,
        null,
        null,
        null,
        null,
        null,
        null,
        null,
        null,
        null,
        null,
        null,
        1,
        null,
        null,
        1,
        null,
        null,
        null
      ],
      "/Users/ben/RubyRails/checkpoints/flyght/config/environment.rb": [
        null,
        1,
        null,
        null,
        1
      ],
      "/Users/ben/RubyRails/checkpoints/flyght/config/application.rb": [
        1,
        null,
        1,
        null,
        null,
        null,
        1,
        null,
        1,
        1,
        null,
        null,
        null,
        null,
        null
      ],
      "/Users/ben/RubyRails/checkpoints/flyght/config/boot.rb": [
        1,
        null,
        1
      ],
      "/Users/ben/RubyRails/checkpoints/flyght/config/environments/test.rb": [
        1,
        null,
        null,
        null,
        null,
        null,
        null,
        1,
        null,
        null,
        null,
        null,
        1,
        null,
        null,
        1,
        1,
        null,
        null,
        null,
        null,
        1,
        1,
        null,
        null,
        1,
        null,
        null,
        1,
        1,
        null,
        null,
        null,
        null,
        1,
        null,
        null,
        1,
        null,
        null,
        null,
        null
      ],
      "/Users/ben/RubyRails/checkpoints/flyght/config/initializers/application_controller_renderer.rb": [
        null,
        null,
        null,
        null,
        null,
        null
      ],
      "/Users/ben/RubyRails/checkpoints/flyght/config/initializers/assets.rb": [
        null,
        null,
        null,
        1,
        null,
        null,
        null,
        null,
        null,
        null,
        null
      ],
      "/Users/ben/RubyRails/checkpoints/flyght/config/initializers/backtrace_silencers.rb": [
        null,
        null,
        null,
        null,
        null,
        null,
        null
      ],
      "/Users/ben/RubyRails/checkpoints/flyght/config/initializers/cookies_serializer.rb": [
        null,
        null,
        null,
        null,
        1
      ],
      "/Users/ben/RubyRails/checkpoints/flyght/config/initializers/filter_parameter_logging.rb": [
        null,
        null,
        null,
        1
      ],
      "/Users/ben/RubyRails/checkpoints/flyght/config/initializers/inflections.rb": [
        null,
        null,
        null,
        null,
        null,
        null,
        null,
        null,
        null,
        null,
        null,
        null,
        null,
        null,
        null,
        null
      ],
      "/Users/ben/RubyRails/checkpoints/flyght/config/initializers/mime_types.rb": [
        null,
        null,
        null,
        null
      ],
      "/Users/ben/RubyRails/checkpoints/flyght/config/initializers/new_framework_defaults.rb": [
        null,
        null,
        null,
        null,
        null,
        null,
        null,
        1,
        null,
        null,
        1,
        null,
        null,
        null,
        1,
        null,
        null,
        1,
        null,
        null,
        1,
        null,
        null,
        1
      ],
      "/Users/ben/RubyRails/checkpoints/flyght/config/initializers/session_store.rb": [
        null,
        null,
        1
      ],
      "/Users/ben/RubyRails/checkpoints/flyght/config/initializers/wrap_parameters.rb": [
        null,
        null,
        null,
        null,
        null,
        null,
        1,
        2,
        null,
        null,
        null,
        null,
        null,
        null
      ],
      "/Users/ben/RubyRails/checkpoints/flyght/app/helpers/application_helper.rb": [
        1,
        null
      ],
      "/Users/ben/RubyRails/checkpoints/flyght/app/helpers/bookings_helper.rb": [
        1,
        1,
        4,
        null,
        null
      ],
      "/Users/ben/RubyRails/checkpoints/flyght/app/helpers/flights_helper.rb": [
        1,
        1,
        1,
        0,
        0,
        0,
        0,
        null,
        null,
        1,
        null,
        1,
        0,
        0,
        0,
        0,
        0,
        null,
        null,
        0,
        null,
        null
      ],
      "/Users/ben/RubyRails/checkpoints/flyght/app/helpers/messages.rb": [
        1,
        1,
        0,
        null,
        null,
        1,
        0,
        null,
        null,
        1,
        0,
        null,
        null,
        1,
        0,
        null,
        null,
        1,
        0,
        null,
        null,
        1,
        0,
        null,
        null,
        1,
        0,
        null,
        null,
        1,
        0,
        null,
        null,
        1,
        0,
        null,
        null,
        1,
        0,
        null,
        null,
        1,
        0,
        null,
        null,
        1,
        0,
        null,
        null,
        1,
        0,
        null,
        null,
        1,
        0,
        null,
        null,
        1,
        0,
        null,
        null,
        1,
        0,
        null,
        null,
        1,
        0,
        null,
        null
      ],
      "/Users/ben/RubyRails/checkpoints/flyght/app/helpers/sessions_helper.rb": [
        1,
        null
      ],
      "/Users/ben/RubyRails/checkpoints/flyght/app/helpers/users_helper.rb": [
        1,
        1,
        0,
        null,
        null
      ],
      "/Users/ben/RubyRails/checkpoints/flyght/spec/factories/airlines.rb": [
        1,
        1,
        21,
        1,
        1,
        null,
        null
      ],
      "/Users/ben/RubyRails/checkpoints/flyght/spec/factories/airports.rb": [
        1,
        1,
        8,
        1,
        1,
        1,
        1,
        1,
        null,
        null
      ],
      "/Users/ben/RubyRails/checkpoints/flyght/spec/factories/bookings.rb": [
        1,
        1,
        3,
        1,
        1,
        1,
        1,
        1,
        null,
        null
      ],
      "/Users/ben/RubyRails/checkpoints/flyght/spec/factories/flights.rb": [
        1,
        1,
        16,
        17,
        1,
        1,
        1,
        1,
        1,
        null,
        null
      ],
      "/Users/ben/RubyRails/checkpoints/flyght/spec/factories/passengers.rb": [
        1,
        1,
        1,
        1,
        1,
        1,
        1,
        null,
        null
      ],
      "/Users/ben/RubyRails/checkpoints/flyght/spec/factories/users.rb": [
        1,
        1,
        1,
        1,
        1,
        1,
        1,
        null,
        null
      ],
      "/Users/ben/RubyRails/checkpoints/flyght/config/routes.rb": [
        1,
        1,
        1,
        1,
        1,
        1,
        1,
        null,
        null,
        1,
        1,
        1,
        null,
        null,
        1,
        1,
        1,
        1,
        null
      ],
      "/Users/ben/RubyRails/checkpoints/flyght/app/controllers/flights_controller.rb": [
        1,
        1,
        0,
        null,
        null,
        1,
        0,
        null,
        null
      ],
      "/Users/ben/RubyRails/checkpoints/flyght/app/controllers/application_controller.rb": [
        1,
        1,
        null,
        1,
        null,
        1,
        null,
        1,
        0,
        null,
        null,
        1,
        0,
        null,
        null,
        1,
        0,
        null,
        null
      ],
      "/Users/ben/RubyRails/checkpoints/flyght/spec/controllers/flights_controller_spec.rb": [
        1,
        null,
        1,
        null
      ],
      "/Users/ben/RubyRails/checkpoints/flyght/spec/controllers/sessions_controller_spec.rb": [
        1,
        null,
        1,
        1,
        3,
        1,
        1,
        null,
        null,
        1,
        1,
        null,
        null,
        null
      ],
      "/Users/ben/RubyRails/checkpoints/flyght/app/controllers/sessions_controller.rb": [
        1,
        1,
        null,
        null,
        1,
        0,
        0,
        0,
        0,
        null,
        0,
        null,
        null,
        null,
        1,
        0,
        0,
        0,
        null,
        null
      ],
      "/Users/ben/RubyRails/checkpoints/flyght/spec/controllers/users_controller_spec.rb": [
        1,
        null,
        1,
        null
      ],
      "/Users/ben/RubyRails/checkpoints/flyght/spec/models/airline_spec.rb": [
        1,
        null,
        1,
        2,
        null,
        2,
        2,
        null,
        2,
        2,
        null
      ],
      "/Users/ben/RubyRails/checkpoints/flyght/app/models/airline.rb": [
        1,
        1,
        1,
        null,
        1,
        null
      ],
      "/Users/ben/RubyRails/checkpoints/flyght/app/models/application_record.rb": [
        1,
        1,
        1,
        null
      ],
      "/Users/ben/RubyRails/checkpoints/flyght/spec/models/airport_spec.rb": [
        1,
        null,
        1,
        2,
        2,
        2,
        2,
        2,
        2,
        2,
        null,
        1,
        1,
        1,
        1,
        null,
        1,
        null,
        null,
        null,
        1,
        1,
        1,
        1,
        1,
        null,
        1,
        1,
        null,
        null,
        null
      ],
      "/Users/ben/RubyRails/checkpoints/flyght/app/models/airport.rb": [
        1,
        1,
        null,
        1,
        null,
        1,
        1,
        null,
        null,
        1,
        1,
        null,
        null
      ],
      "/Users/ben/RubyRails/checkpoints/flyght/spec/models/booking_spec.rb": [
        1,
        null,
        1,
        2,
        2,
        2,
        2,
        null,
        1,
        1,
        1,
        null,
        1,
        1,
        1,
        1,
        null,
        null,
        null,
        1,
        1,
        1,
        1,
        1,
        null,
        null,
        null
      ],
      "/Users/ben/RubyRails/checkpoints/flyght/app/models/booking.rb": [
        1,
        1,
        null,
        1,
        1,
        1,
        null,
        1,
        1,
        1,
        null,
        null,
        null,
        1,
        1,
        null,
        1,
        4,
        null,
        null,
        null,
        1,
        4,
        null,
        null
      ],
      "/Users/ben/RubyRails/checkpoints/flyght/spec/models/flight_spec.rb": [
        1,
        null,
        1,
        12,
        null,
        2,
        2,
        2,
        2,
        2,
        2,
        null,
        2,
        2,
        null,
        1,
        3,
        3,
        1,
        2,
        null,
        null,
        null,
        1,
        1,
        null,
        null,
        1,
        1,
        null,
        null,
        null,
        1,
        1,
        1,
        null,
        1,
        null,
        null,
        null,
        1,
        1,
        1,
        null,
        null,
        1,
        1,
        1,
        null,
        null,
        null,
        1,
        1,
        1,
        1,
        1,
        1,
        null,
        1,
        1,
        null,
        null,
        null,
        1,
        1,
        1,
        1,
        1,
        null,
        1,
        1,
        1,
        1,
        null,
        null,
        null,
        null
      ],
      "/Users/ben/RubyRails/checkpoints/flyght/app/models/flight.rb": [
        1,
        1,
        null,
        1,
        1,
        null,
        1,
        1,
        null,
        null,
        1,
        1,
        null,
        null,
        1,
        5,
        null,
        null,
        1,
        2,
        null,
        null,
        null,
        null,
        1,
        1,
        null,
        null,
        1,
        2,
        1,
        null,
        1,
        null,
        null,
        null
      ],
      "/Users/ben/RubyRails/checkpoints/flyght/spec/models/passenger_spec.rb": [
        1,
        null,
        1,
        2,
        2,
        2,
        null,
        2,
        1,
        1,
        null,
        2,
        null
      ],
      "/Users/ben/RubyRails/checkpoints/flyght/app/models/passenger.rb": [
        1,
        1,
        1,
        1,
        1,
        null,
        null,
        null,
        null
      ],
      "/Users/ben/RubyRails/checkpoints/flyght/spec/models/user_spec.rb": [
        1,
        null,
        1,
        2,
        2,
        null,
        2,
        2,
        2,
        2,
        null,
        2,
        null,
        2,
        2,
        2,
        null,
        2,
        null,
        1,
        1,
        1,
        null,
        1,
        null,
        null,
        null
      ],
      "/Users/ben/RubyRails/checkpoints/flyght/app/models/user.rb": [
        1,
        1,
        1,
        null,
        null,
        null,
        1,
        1,
        null,
        null,
        null,
        null,
        1,
        null,
        1,
        null,
        1,
        1,
        null,
        null
      ]
    },
    "timestamp": 1478267955
  }
}
